2012-03-13 12:37:19.771+0100: Creating new db @ /Users/kristofferskaret/Prosjekter/Prototyping/neo4j/neo4j-proto/target/database/location/neostore
2012-03-13 12:37:19.863+0100: Opened [/Users/kristofferskaret/Prosjekter/Prototyping/neo4j/neo4j-proto/target/database/location/nioneo_logical.log.1] clean empty log, version=0, lastTxId=1
2012-03-13 12:37:19.899+0100: Opened [/Users/kristofferskaret/Prosjekter/Prototyping/neo4j/neo4j-proto/target/database/location/index/lucene.log.1] clean empty log, version=0, lastTxId=1
2012-03-13 12:37:19.902+0100: TM new log: tm_tx_log.1
2012-03-13 12:37:19.920+0100: --- STARTUP diagnostics START ---
2012-03-13 12:37:19.920+0100: Graph Database: org.neo4j.kernel.EmbeddedGraphDatabase StoreId[time:1331638639782, id:6329391951741971261, store version: 13561656364791302]
2012-03-13 12:37:19.922+0100: Kernel version: Neo4j - Graph Database Kernel 1.6.1
2012-03-13 12:37:19.922+0100: Neo4j component versions:
2012-03-13 12:37:19.922+0100:   Neo4j - Graph Database Kernel 1.6.1
2012-03-13 12:37:19.924+0100: Diagnostics providers:
    KernelDiagnostics:Versions
    org.neo4j.kernel.info.DiagnosticsManager
    SYSTEM_MEMORY
    JAVA_MEMORY
    OPERATING_SYSTEM
    JAVA_VIRTUAL_MACHINE
    CLASSPATH
    LIBRARY_PATH
    SYSTEM_PROPERTIES
    org.neo4j.kernel.Config
    NEO_STORE_VERSIONS
    NEO_STORE_ID_USAGE
    KernelDiagnostics:StoreFiles
2012-03-13 12:37:19.927+0100: System memory information:
    Total Physical memory: 4.00 GB
    Free Physical memory: 164.87 MB
    Committed virtual memory: 2.84 GB
    Total swap space: 3.00 GB
    Free swap space: 622.60 MB
2012-03-13 12:37:19.934+0100: JVM memory information:
    Free  memory: 64.44 MB
    Total memory: 81.06 MB
    Max   memory: 123.94 MB
    Garbage Collector: ParNew: [Par Eden Space, Par Survivor Space]
    Garbage Collector: ConcurrentMarkSweep: [Par Eden Space, Par Survivor Space, CMS Old Gen, CMS Perm Gen]
    Memory Pool: Code Cache (Non-heap memory): committed=2.44 MB, used=517.88 kB, max=48.00 MB, threshold=0.00 B
    Memory Pool: Par Eden Space (Heap memory): committed=16.63 MB, used=1004.60 kB, max=16.63 MB, threshold=?
    Memory Pool: Par Survivor Space (Heap memory): committed=2.06 MB, used=742.84 kB, max=2.06 MB, threshold=?
    Memory Pool: CMS Old Gen (Heap memory): committed=62.38 MB, used=0.00 B, max=105.25 MB, threshold=0.00 B
    Memory Pool: CMS Perm Gen (Non-heap memory): committed=20.75 MB, used=9.38 MB, max=82.00 MB, threshold=0.00 B
2012-03-13 12:37:19.944+0100: Operating system information:
    Operating System: Mac OS X; version: 10.7.3; arch: x86_64; cpus: 8
    Max number of file descriptors: 10240
    Number of open file descriptors: 69
    Process id: 13836@lenrom.kantega.lan
    Byte order: LITTLE_ENDIAN
2012-03-13 12:37:19.949+0100: JVM information:
    VM Name: Java HotSpot(TM) 64-Bit Server VM
    VM Vendor: Apple Inc.
    VM Version: 20.4-b02-402
    JIT compiler: HotSpot 64-Bit Tiered Compilers
    VM Arguments: [-Dfile.encoding=MacRoman]
2012-03-13 12:37:19.950+0100: Java classpath:
     [bootstrap] /System/Library/Java/JavaVirtualMachines/1.6.0.jdk/Contents/Classes/charsets.jar
     [bootstrap] /System/Library/Frameworks/JavaVM.framework/Versions/A/Frameworks/JavaRuntimeSupport.framework/Versions/A/Resources/Java/JavaRuntimeSupport.jar
     [loader.1] file:/System/Library/Java/Extensions/dns_sd.jar
     [loader.1] file:/System/Library/Java/Extensions/MRJToolkit.jar
     [loader.1] file:/System/Library/Java/Extensions/vecmath.jar
     [loader.1] file:/System/Library/Java/Extensions/libmlib_jai.jnilib
     [loader.1] file:/System/Library/Java/JavaVirtualMachines/1.6.0.jdk/Contents/Home/lib/ext/dnsns.jar
     [bootstrap] /System/Library/Java/JavaVirtualMachines/1.6.0.jdk/Contents/Classes/laf.jar
     [classpath + loader.0] file:/Users/kristofferskaret/.m2/repository/junit/junit/4.10/junit-4.10.jar
     [loader.1] file:/System/Library/Java/Extensions/libJ3D.jnilib
     [loader.1] file:/System/Library/Java/Extensions/mlibwrapper_jai.jar
     [bootstrap] /System/Library/Java/JavaVirtualMachines/1.6.0.jdk/Contents/Classes/classes.jar
     [classpath + loader.0] file:/Users/kristofferskaret/Prosjekter/Prototyping/neo4j/neo4j-proto/target/classes/
     [loader.1] file:/System/Library/Java/JavaVirtualMachines/1.6.0.jdk/Contents/Home/lib/ext/localedata.jar
     [loader.1] file:/System/Library/Java/Extensions/QTJava.zip
     [bootstrap] /System/Library/Java/JavaVirtualMachines/1.6.0.jdk/Contents/Classes/ui.jar
     [loader.1] file:/System/Library/Java/Extensions/libAppleScriptEngine.jnilib
     [loader.1] file:/System/Library/Java/Extensions/libJ3DAudio.jnilib
     [loader.1] file:/System/Library/Java/Extensions/j3daudio.jar
     [loader.1] file:/System/Library/Java/Extensions/libJ3DUtils.jnilib
     [classpath + loader.0] file:/Users/kristofferskaret/.m2/repository/org/apache/geronimo/specs/geronimo-jta_1.1_spec/1.1.1/geronimo-jta_1.1_spec-1.1.1.jar
     [loader.1] file:/System/Library/Java/Extensions/libQTJNative.jnilib
     [loader.1] file:/System/Library/Java/Extensions/j3dcore.jar
     [classpath + loader.0] file:/Users/kristofferskaret/.m2/repository/org/neo4j/neo4j-kernel/1.6.1/neo4j-kernel-1.6.1.jar
     [classpath + loader.0] file:/Applications/eclipse/configuration/org.eclipse.osgi/bundles/166/1/.cp/
     [classpath + loader.0] file:/Applications/eclipse/configuration/org.eclipse.osgi/bundles/165/1/.cp/
     [bootstrap] /System/Library/Java/JavaVirtualMachines/1.6.0.jdk/Contents/Classes/sunrsasign.jar
     [classpath + loader.0] file:/Users/kristofferskaret/.m2/repository/org/neo4j/neo4j-jmx/1.6.1/neo4j-jmx-1.6.1.jar
     [loader.1] file:/System/Library/Java/Extensions/j3dutils.jar
     [classpath + loader.0] file:/Users/kristofferskaret/.m2/repository/org/neo4j/neo4j-graph-matching/1.6.1/neo4j-graph-matching-1.6.1.jar
     [classpath + loader.0] file:/Users/kristofferskaret/.m2/repository/org/neo4j/neo4j-lucene-index/1.6.1/neo4j-lucene-index-1.6.1.jar
     [classpath + loader.0] file:/Applications/eclipse/configuration/org.eclipse.osgi/bundles/164/1/.cp/
     [classpath + loader.0] file:/Users/kristofferskaret/.m2/repository/org/neo4j/neo4j-graph-algo/1.6.1/neo4j-graph-algo-1.6.1.jar
     [loader.1] file:/System/Library/Java/Extensions/jai_core.jar
     [classpath + loader.0] file:/Users/kristofferskaret/.m2/repository/org/apache/lucene/lucene-core/3.5.0/lucene-core-3.5.0.jar
     [loader.1] file:/System/Library/Java/Extensions/jai_codec.jar
     [classpath + loader.0] file:/Users/kristofferskaret/.m2/repository/org/neo4j/neo4j/1.6.1/neo4j-1.6.1.jar
     [classpath + loader.0] file:/Users/kristofferskaret/.m2/repository/org/neo4j/neo4j-udc/1.6.1/neo4j-udc-1.6.1.jar
     [classpath + loader.0] file:/Users/kristofferskaret/.m2/repository/org/hamcrest/hamcrest-core/1.1/hamcrest-core-1.1.jar
     [loader.1] file:/System/Library/Java/JavaVirtualMachines/1.6.0.jdk/Contents/Home/lib/ext/sunjce_provider.jar
     [classpath + loader.0] file:/Users/kristofferskaret/Prosjekter/Prototyping/neo4j/neo4j-proto/target/test-classes/
     [bootstrap] /System/Library/Java/JavaVirtualMachines/1.6.0.jdk/Contents/Home/lib/jce.jar
     [bootstrap] /System/Library/Java/JavaVirtualMachines/1.6.0.jdk/Contents/Classes/jsse.jar
     [classpath + loader.0] file:/Users/kristofferskaret/.m2/repository/org/neo4j/neo4j-cypher/1.6.1/neo4j-cypher-1.6.1.jar
     [loader.1] file:/System/Library/Java/Extensions/AppleScriptEngine.jar
     [bootstrap] /System/Library/Java/JavaVirtualMachines/1.6.0.jdk/Contents/Classes/jsfd.jar
     [loader.1] file:/System/Library/Java/JavaVirtualMachines/1.6.0.jdk/Contents/Home/lib/ext/apple_provider.jar
     [loader.1] file:/System/Library/Java/JavaVirtualMachines/1.6.0.jdk/Contents/Home/lib/ext/sunpkcs11.jar
     [classpath + loader.0] file:/Users/kristofferskaret/.m2/repository/org/scala-lang/scala-library/2.9.0-1/scala-library-2.9.0-1.jar
2012-03-13 12:37:19.954+0100: Library path:
    /Users/kristofferskaret/Prosjekter/Prototyping/neo4j/neo4j-proto
    /Library/Java/Extensions
    /System/Library/Java/Extensions
    /usr/lib/java
2012-03-13 12:37:19.954+0100: System.properties:
    sun.boot.library.path = /System/Library/Java/JavaVirtualMachines/1.6.0.jdk/Contents/Libraries
    awt.nativeDoubleBuffering = true
    gopherProxySet = false
    mrj.build = 11D50b
    path.separator = :
    file.encoding.pkg = sun.io
    sun.java.launcher = SUN_STANDARD
    user.country = NO
    sun.os.patch.level = unknown
    user.dir = /Users/kristofferskaret/Prosjekter/Prototyping/neo4j/neo4j-proto
    sun.jnu.encoding = MacRoman
    sun.management.compiler = HotSpot 64-Bit Tiered Compilers
    http.nonProxyHosts = local|*.local|169.254/16|*.169.254/16
    user.home = /Users/kristofferskaret
    user.timezone = Europe/Oslo
    file.encoding = MacRoman
    user.name = kristofferskaret
    sun.java.command = org.eclipse.jdt.internal.junit.runner.RemoteTestRunner -version 3 -port 50404 -testLoaderClass org.eclipse.jdt.internal.junit4.runner.JUnit4TestLoader -loaderpluginname org.eclipse.jdt.junit4.runtime -test no.kantega.kriska.GraphDbTest:foo
    sun.arch.data.model = 64
    user.language = nb
    awt.toolkit = apple.awt.CToolkit
    file.separator = /
    sun.io.unicode.encoding = UnicodeLittle
    sun.cpu.endian = little
    mrj.version = 1070.1.6.0_29-402
    socksNonProxyHosts = local|*.local|169.254/16|*.169.254/16
    ftp.nonProxyHosts = local|*.local|169.254/16|*.169.254/16
    sun.cpu.isalist = 
2012-03-13 12:37:19.956+0100: Neo4j Kernel properties:
    store_dir=/Users/kristofferskaret/Prosjekter/Prototyping/neo4j/neo4j-proto/target/database/location
    logical_log=/Users/kristofferskaret/Prosjekter/Prototyping/neo4j/neo4j-proto/target/database/location/nioneo_logical.log
    node_auto_indexing=false
    neostore.relationshipstore.db.mapped_memory=100M
    neostore.nodestore.db.mapped_memory=20M
    use_memory_mapped_buffers=true
    rebuild_idgenerators_fast=true
    neostore.propertystore.db.index.keys.mapped_memory=1M
    neostore.propertystore.db.arrays.mapped_memory=130M
    neostore.propertystore.db.strings.mapped_memory=130M
    neo_store=/Users/kristofferskaret/Prosjekter/Prototyping/neo4j/neo4j-proto/target/database/location/neostore
    neostore.propertystore.db.index.mapped_memory=1M
    create=true
    neostore.propertystore.db.mapped_memory=90M
    relationship_auto_indexing=false
2012-03-13 12:37:19.956+0100: Store versions:
    NeoStore v0.A.0
    NodeStore v0.A.0
    RelationshipStore v0.A.0
    RelationshipTypeStore v0.A.0
    PropertyStore v0.A.0
    PropertyIndexStore v0.A.0
    StringPropertyStore v0.A.0
    ArrayPropertyStore v0.A.0
2012-03-13 12:37:19.957+0100: Id usage:
    NodeStore: used=1 high=0
    RelationshipStore: used=0 high=-1
    RelationshipTypeStore: used=0 high=-1
    PropertyStore: used=0 high=-1
    PropertyIndexStore: used=0 high=-1
    StringPropertyStore: used=1 high=0
    ArrayPropertyStore: used=1 high=0
2012-03-13 12:37:19.957+0100: Storage files:
    active_tx_log: 11.00 B
    index:
      lucene-store.db: 40.00 B
      lucene.log.1: 16.00 B
      lucene.log.active: 4.00 B
    - Total: 60.00 B
    lock: 0.00 B
    messages.log: 10.71 kB
    neostore: 54.00 B
    neostore.id: 9.00 B
    neostore.nodestore.db: 9.00 B
    neostore.nodestore.db.id: 9.00 B
    neostore.propertystore.db: 0.00 B
    neostore.propertystore.db.arrays: 128.00 B
    neostore.propertystore.db.arrays.id: 9.00 B
    neostore.propertystore.db.id: 9.00 B
    neostore.propertystore.db.index: 0.00 B
    neostore.propertystore.db.index.id: 9.00 B
    neostore.propertystore.db.index.keys: 38.00 B
    neostore.propertystore.db.index.keys.id: 9.00 B
    neostore.propertystore.db.strings: 128.00 B
    neostore.propertystore.db.strings.id: 9.00 B
    neostore.relationshipstore.db: 0.00 B
    neostore.relationshipstore.db.id: 9.00 B
    neostore.relationshiptypestore.db: 0.00 B
    neostore.relationshiptypestore.db.id: 9.00 B
    neostore.relationshiptypestore.db.names: 38.00 B
    neostore.relationshiptypestore.db.names.id: 9.00 B
    nioneo_logical.log.1: 16.00 B
    nioneo_logical.log.active: 4.00 B
    tm_tx_log.1: 0.00 B
2012-03-13 12:37:19.962+0100: --- STARTUP diagnostics END ---
2012-03-13 12:37:19.965+0100: Extension org.neo4j.kernel.KernelExtension[kernel udc] loaded ok
2012-03-13 12:37:20.025+0100: Extension org.neo4j.kernel.KernelExtension[kernel jmx] loaded ok
2012-03-13 12:37:20.028+0100: Closed log /Users/kristofferskaret/Prosjekter/Prototyping/neo4j/neo4j-proto/target/database/location/nioneo_logical.log
2012-03-13 12:37:20.032+0100: NeoStore closed
2012-03-13 12:37:20.033+0100: Closed log /Users/kristofferskaret/Prosjekter/Prototyping/neo4j/neo4j-proto/target/database/location/index/lucene.log
2012-03-13 12:37:20.033+0100: NeoStore closed
2012-03-13 12:37:20.033+0100: TM shutting down
